🔄 intermediate_01 — 生成開始 (中級（J.S.A.ソムリエ本試験レベル）) 分野別生成...
   - フランス... ✅ 15問 / 規定15問
   - イタリア...  [エラー発生。再試行します(残り2回)] ✅ 5問 / 規定5問
   - その他の旧世界（スペイン・ドイツ等）... ✅ 8問 / 規定8問
   - 新世界（アメリカ・チリ・豪州など）... ✅ 10問 / 規定10問
   - 日本... ✅ 5問 / 規定5問
   - 概論・酒類・チーズ・テイスティング... ✅ 7問 / 規定7問
✅ intermediate_01 — 50問を保存完了

🔄 intermediate_02 — 生成開始 (中級（J.S.A.ソムリエ本試験レベル）) 分野別生成...
   - フランス...  [エラー発生。再試行します(残り2回)]  [エラー発生。再試行します(残り1回)]  [エラー発生。再試行します(残り0回)] ✅ 15問 / 規定15問
   - イタリア... ✅ 5問 / 規定5問
   - その他の旧世界（スペイン・ドイツ等）... ✅ 8問 / 規定8問
   - 新世界（アメリカ・チリ・豪州など）...  [エラー発生。再試行します(残り2回)]  [エラー発生。再試行します(残り1回)] ✅ 10問 / 規定10問
   - 日本... ✅ 5問 / 規定5問
   - 概論・酒類・チーズ・テイスティング...  [エラー発生。再試行します(残り2回)] ✅ 7問 / 規定7問
✅ intermediate_02 — 50問を保存完了

🔄 intermediate_03 — 生成開始 (中級（J.S.A.ソムリエ本試験レベル）) 分野別生成...
   - フランス... ✅ 15問 / 規定15問
   - イタリア... ✅ 5問 / 規定5問
   - その他の旧世界（スペイン・ドイツ等）... ✅ 8問 / 規定8問
   - 新世界（アメリカ・チリ・豪州など）... ✅ 10問 / 規定10問
   - 日本... ✅ 5問 / 規定5問
   - 概論・酒類・チーズ・テイスティング... ✅ 7問 / 規定7問
✅ intermediate_03 — 50問を保存完了

🔄 intermediate_04 — 生成開始 (中級（J.S.A.ソムリエ本試験レベル）) 分野別生成...
   - フランス... ✅ 15問 / 規定15問
   - イタリア... ✅ 5問 / 規定5問
   - その他の旧世界（スペイン・ドイツ等）... ✅ 8問 / 規定8問
   - 新世界（アメリカ・チリ・豪州など）...  [エラー発生。再試行します(残り2回)]  [エラー発生。再試行します(残り1回)]  [エラー発生。再試行します(残り0回)] ✅ 10問 / 規定10問
   - 日本... ✅ 5問 / 規定5問
   - 概論・酒類・チーズ・テイスティング...  [エラー発生。再試行します(残り2回)] ✅ 7問 / 規定7問
✅ intermediate_04 — 50問を保存完了

🔄 intermediate_05 — 生成開始 (中級（J.S.A.ソムリエ本試験レベル）) 分野別生成...
   - フランス... ✅ 15問 / 規定15問
   - イタリア... ✅ 5問 / 規定5問
   - その他の旧世界（スペイン・ドイツ等）... ✅ 8問 / 規定8問
   - 新世界（アメリカ・チリ・豪州など）... ✅ 10問 / 規定10問
   - 日本... ✅ 5問 / 規定5問
   - 概論・酒類・チーズ・テイスティング... ✅ 7問 / 規定7問
✅ intermediate_05 — 50問を保存完了

🔄 intermediate_06 — 生成開始 (中級（J.S.A.ソムリエ本試験レベル）) 分野別生成...
   - フランス...  [エラー発生。再試行します(残り2回)] ✅ 15問 / 規定15問
   - イタリア... ✅ 5問 / 規定5問
   - その他の旧世界（スペイン・ドイツ等）... ✅ 8問 / 規定8問
   - 新世界（アメリカ・チリ・豪州など）...  [エラー発生。再試行します(残り2回)]  [エラー発生。再試行します(残り1回)]  [エラー発生。再試行します(残り0回)] ✅ 0問 / 規定10問
   - 日本... ✅ 5問 / 規定5問
   - 概論・酒類・チーズ・テイスティング... ✅ 7問 / 規定7問
✅ intermediate_06 — 40問を保存完了

🔄 intermediate_07 — 生成開始 (中級（J.S.A.ソムリエ本試験レベル）) 分野別生成...
   - フランス... ✅ 15問 / 規定15問
   - イタリア... ✅ 5問 / 規定5問
   - その他の旧世界（スペイン・ドイツ等）...  [エラー発生。再試行します(残り2回)] ✅ 8問 / 規定8問
   - 新世界（アメリカ・チリ・豪州など）...  [エラー発生。再試行します(残り2回)]  [エラー発生。再試行します(残り1回)]  [エラー発生。再試行します(残り0回)] ✅ 0問 / 規定10問
   - 日本... ✅ 5問 / 規定5問
   - 概論・酒類・チーズ・テイスティング... ✅ 7問 / 規定7問
✅ intermediate_07 — 40問を保存完了

🔄 intermediate_08 — 生成開始 (中級（J.S.A.ソムリエ本試験レベル）) 分野別生成...
   - フランス... ✅ 15問 / 規定15問
   - イタリア... ✅ 5問 / 規定5問
   - その他の旧世界（スペイン・ドイツ等）... ✅ 8問 / 規定8問
   - 新世界（アメリカ・チリ・豪州など）...  [エラー発生。再試行します(残り2回)] ✅ 10問 / 規定10問
   - 日本... ✅ 5問 / 規定5問
   - 概論・酒類・チーズ・テイスティング... ✅ 7問 / 規定7問
✅ intermediate_08 — 50問を保存完了

🔄 intermediate_09 — 生成開始 (中級（J.S.A.ソムリエ本試験レベル）) 分野別生成...
   - フランス... ✅ 15問 / 規定15問
   - イタリア... ✅ 5問 / 規定5問
   - その他の旧世界（スペイン・ドイツ等）... ✅ 8問 / 規定8問
   - 新世界（アメリカ・チリ・豪州など）...  [エラー発生。再試行します(残り2回)]  [エラー発生。再試行します(残り1回)] ✅ 10問 / 規定10問
   - 日本... ✅ 5問 / 規定5問
   - 概論・酒類・チーズ・テイスティング...  [エラー発生。再試行します(残り2回)]  [エラー発生。再試行します(残り1回)]  [エラー発生。再試行します(残り0回)] ✅ 0問 / 規定7問
✅ intermediate_09 — 43問を保存完了

🔄 intermediate_10 — 生成開始 (中級（J.S.A.ソムリエ本試験レベル）) 分野別生成...
   - フランス... ✅ 15問 / 規定15問
   - イタリア... ✅ 5問 / 規定5問
   - その他の旧世界（スペイン・ドイツ等）... ✅ 8問 / 規定8問
   - 新世界（アメリカ・チリ・豪州など）... ✅ 10問 / 規定10問
   - 日本... ✅ 5問 / 規定5問
   - 概論・酒類・チーズ・テイスティング... ✅ 7問 / 規定7問
✅ intermediate_10 — 50問を保存完了

🔄 advanced_01 — 生成開始 (上級（J.S.A.ソムリエ・エクセレンス一次試験レベル）) 分野別生成...
   - フランス... ✅ 15問 / 規定15問
   - イタリア... ✅ 5問 / 規定5問
   - その他の旧世界（スペイン・ドイツ等）... ✅ 8問 / 規定8問
   - 新世界（アメリカ・チリ・豪州など）... ✅ 10問 / 規定10問
   - 日本... ✅ 5問 / 規定5問
   - 概論・酒類・チーズ・テイスティング... ✅ 7問 / 規定7問
✅ advanced_01 — 50問を保存完了

🔄 advanced_02 — 生成開始 (上級（J.S.A.ソムリエ・エクセレンス一次試験レベル）) 分野別生成...
   - フランス...  [エラー発生。再試行します(残り2回)] ✅ 15問 / 規定15問
   - イタリア... ✅ 5問 / 規定5問
   - その他の旧世界（スペイン・ドイツ等）...  [エラー発生。再試行します(残り2回)] ✅ 8問 / 規定8問
   - 新世界（アメリカ・チリ・豪州など）... ✅ 10問 / 規定10問
   - 日本... ✅ 5問 / 規定5問
   - 概論・酒類・チーズ・テイスティング... ✅ 7問 / 規定7問
✅ advanced_02 — 50問を保存完了

🔄 advanced_03 — 生成開始 (上級（J.S.A.ソムリエ・エクセレンス一次試験レベル）) 分野別生成...
   - フランス...  [エラー発生。再試行します(残り2回)]  [エラー発生。再試行します(残り1回)] ✅ 15問 / 規定15問
   - イタリア... ✅ 5問 / 規定5問
   - その他の旧世界（スペイン・ドイツ等）... ✅ 8問 / 規定8問
   - 新世界（アメリカ・チリ・豪州など）... ✅ 10問 / 規定10問
   - 日本... ✅ 5問 / 規定5問
   - 概論・酒類・チーズ・テイスティング... ✅ 7問 / 規定7問
✅ advanced_03 — 50問を保存完了

🔄 advanced_04 — 生成開始 (上級（J.S.A.ソムリエ・エクセレンス一次試験レベル）) 分野別生成...
   - フランス... ✅ 15問 / 規定15問
   - イタリア... ✅ 5問 / 規定5問
   - その他の旧世界（スペイン・ドイツ等）... ✅ 8問 / 規定8問
   - 新世界（アメリカ・チリ・豪州など）... ✅ 10問 / 規定10問
   - 日本... ✅ 5問 / 規定5問
   - 概論・酒類・チーズ・テイスティング... ✅ 7問 / 規定7問
✅ advanced_04 — 50問を保存完了

🔄 advanced_05 — 生成開始 (上級（J.S.A.ソムリエ・エクセレンス一次試験レベル）) 分野別生成...
   - フランス... ✅ 15問 / 規定15問
   - イタリア...  [エラー発生。再試行します(残り2回)] ✅ 5問 / 規定5問
   - その他の旧世界（スペイン・ドイツ等）... ✅ 8問 / 規定8問
   - 新世界（アメリカ・チリ・豪州など）... ✅ 10問 / 規定10問
   - 日本... ✅ 5問 / 規定5問
   - 概論・酒類・チーズ・テイスティング... ✅ 7問 / 規定7問
✅ advanced_05 — 50問を保存完了

🔄 advanced_06 — 生成開始 (上級（J.S.A.ソムリエ・エクセレンス一次試験レベル）) 分野別生成...
   - フランス...  [エラー発生。再試行します(残り2回)]  [エラー発生。再試行します(残り1回)]  [エラー発生。再試行します(残り0回)] ✅ 15問 / 規定15問
   - イタリア...  [エラー発生。再試行します(残り2回)]  [エラー発生。再試行します(残り1回)] ✅ 5問 / 規定5問
   - その他の旧世界（スペイン・ドイツ等）... ✅ 8問 / 規定8問
   - 新世界（アメリカ・チリ・豪州など）... ✅ 10問 / 規定10問
   - 日本...  [エラー発生。再試行します(残り2回)] ✅ 5問 / 規定5問
   - 概論・酒類・チーズ・テイスティング... ✅ 7問 / 規定7問
✅ advanced_06 — 50問を保存完了

🔄 advanced_07 — 生成開始 (上級（J.S.A.ソムリエ・エクセレンス一次試験レベル）) 分野別生成...
   - フランス... ✅ 15問 / 規定15問
   - イタリア...  [エラー発生。再試行します(残り2回)] ✅ 5問 / 規定5問
   - その他の旧世界（スペイン・ドイツ等）... ✅ 8問 / 規定8問
   - 新世界（アメリカ・チリ・豪州など）... ✅ 10問 / 規定10問
   - 日本... ✅ 5問 / 規定5問
   - 概論・酒類・チーズ・テイスティング... ✅ 7問 / 規定7問
✅ advanced_07 — 50問を保存完了

🔄 advanced_08 — 生成開始 (上級（J.S.A.ソムリエ・エクセレンス一次試験レベル）) 分野別生成...
   - フランス... ✅ 15問 / 規定15問
   - イタリア...  [エラー発生。再試行します(残り2回)] ✅ 5問 / 規定5問
   - その他の旧世界（スペイン・ドイツ等）... ✅ 8問 / 規定8問
   - 新世界（アメリカ・チリ・豪州など）... ✅ 10問 / 規定10問
   - 日本... ✅ 5問 / 規定5問
   - 概論・酒類・チーズ・テイスティング... ✅ 7問 / 規定7問
✅ advanced_08 — 50問を保存完了

🔄 advanced_09 — 生成開始 (上級（J.S.A.ソムリエ・エクセレンス一次試験レベル）) 分野別生成...
   - フランス... ✅ 15問 / 規定15問
   - イタリア... ✅ 5問 / 規定5問
   - その他の旧世界（スペイン・ドイツ等）... ✅ 8問 / 規定8問
   - 新世界（アメリカ・チリ・豪州など）... ✅ 10問 / 規定10問
   - 日本... ✅ 5問 / 規定5問
   - 概論・酒類・チーズ・テイスティング... ✅ 7問 / 規定7問
✅ advanced_09 — 50問を保存完了

🔄 advanced_10 — 生成開始 (上級（J.S.A.ソムリエ・エクセレンス一次試験レベル）) 分野別生成...
   - フランス...  [エラー発生。再試行します(残り2回)] ✅ 15問 / 規定15問
   - イタリア... ✅ 5問 / 規定5問
   - その他の旧世界（スペイン・ドイツ等）... ✅ 8問 / 規定8問
   - 新世界（アメリカ・チリ・豪州など）... ✅ 10問 / 規定10問
   - 日本... ✅ 5問 / 規定5問
   - 概論・酒類・チーズ・テイスティング... ✅ 7問 / 規定7問
✅ advanced_10 — 50問を保存完了

🔄 advanced_11 — 生成開始 (上級（J.S.A.ソムリエ・エクセレンス一次試験レベル）) 分野別生成...
   - フランス... ✅ 15問 / 規定15問
   - イタリア...  [エラー発生。再試行します(残り2回)]  [エラー発生。再試行します(残り1回)]  [エラー発生。再試行します(残り0回)] ✅ 0問 / 規定5問
   - その他の旧世界（スペイン・ドイツ等）... ✅ 8問 / 規定8問
   - 新世界（アメリカ・チリ・豪州など）... ✅ 10問 / 規定10問
   - 日本... ✅ 5問 / 規定5問
   - 概論・酒類・チーズ・テイスティング... ✅ 7問 / 規定7問
✅ advanced_11 — 45問を保存完了

🔄 advanced_12 — 生成開始 (上級（J.S.A.ソムリエ・エクセレンス一次試験レベル）) 分野別生成...
   - フランス... ✅ 15問 / 規定15問
   - イタリア...  [エラー発生。再試行します(残り2回)]  [エラー発生。再試行します(残り1回)]  [エラー発生。再試行します(残り0回)] ✅ 0問 / 規定5問
   - その他の旧世界（スペイン・ドイツ等）... ✅ 8問 / 規定8問
   - 新世界（アメリカ・チリ・豪州など）... ✅ 10問 / 規定10問
   - 日本... ✅ 5問 / 規定5問
   - 概論・酒類・チーズ・テイスティング...  [エラー発生。再試行します(残り2回)] ✅ 7問 / 規定7問
✅ advanced_12 — 45問を保存完了

🔄 advanced_13 — 生成開始 (上級（J.S.A.ソムリエ・エクセレンス一次試験レベル）) 分野別生成...
   - フランス... ✅ 15問 / 規定15問
   - イタリア...  [エラー発生。再試行します(残り2回)]  [エラー発生。再試行します(残り1回)]  [エラー発生。再試行します(残り0回)] ✅ 0問 / 規定5問
   - その他の旧世界（スペイン・ドイツ等）...  [エラー発生。再試行します(残り2回)]  [エラー発生。再試行します(残り1回)] ✅ 8問 / 規定8問
   - 新世界（アメリカ・チリ・豪州など）... ✅ 10問 / 規定10問
   - 日本... ✅ 5問 / 規定5問
   - 概論・酒類・チーズ・テイスティング... ✅ 7問 / 規定7問
✅ advanced_13 — 45問を保存完了

🔄 advanced_14 — 生成開始 (上級（J.S.A.ソムリエ・エクセレンス一次試験レベル）) 分野別生成...
   - フランス... ✅ 15問 / 規定15問
   - イタリア... ✅ 5問 / 規定5問
   - その他の旧世界（スペイン・ドイツ等）... ✅ 8問 / 規定8問
   - 新世界（アメリカ・チリ・豪州など）... ✅ 10問 / 規定10問
   - 日本... ✅ 5問 / 規定5問
   - 概論・酒類・チーズ・テイスティング... ✅ 7問 / 規定7問
✅ advanced_14 — 50問を保存完了

🔄 advanced_15 — 生成開始 (上級（J.S.A.ソムリエ・エクセレンス一次試験レベル）) 分野別生成...
   - フランス... ✅ 15問 / 規定15問
   - イタリア...  [エラー発生。再試行します(残り2回)]  [エラー発生。再試行します(残り1回)]  [エラー発生。再試行します(残り0回)] ✅ 0問 / 規定5問
   - その他の旧世界（スペイン・ドイツ等）... ✅ 8問 / 規定8問
   - 新世界（アメリカ・チリ・豪州など）...  [エラー発生。再試行します(残り2回)]  [エラー発生。再試行します(残り1回)] ✅ 10問 / 規定10問
   - 日本... ✅ 5問 / 規定5問
   - 概論・酒類・チーズ・テイスティング... ✅ 7問 / 規定7問
✅ advanced_15 — 45問を保存完了

🔄 advanced_16 — 生成開始 (上級（J.S.A.ソムリエ・エクセレンス一次試験レベル）) 分野別生成...
   - フランス... ✅ 15問 / 規定15問
   - イタリア... ✅ 5問 / 規定5問
   - その他の旧世界（スペイン・ドイツ等）... ✅ 8問 / 規定8問
   - 新世界（アメリカ・チリ・豪州など）... ✅ 10問 / 規定10問
   - 日本...  [エラー発生。再試行します(残り2回)] ✅ 5問 / 規定5問
   - 概論・酒類・チーズ・テイスティング... ✅ 7問 / 規定7問
✅ advanced_16 — 50問を保存完了

🔄 advanced_17 — 生成開始 (上級（J.S.A.ソムリエ・エクセレンス一次試験レベル）) 分野別生成...
   - フランス...  [エラー発生。再試行します(残り2回)] ✅ 15問 / 規定15問
   - イタリア... ✅ 5問 / 規定5問
   - その他の旧世界（スペイン・ドイツ等）...  [エラー発生。再試行します(残り2回)] ✅ 8問 / 規定8問
   - 新世界（アメリカ・チリ・豪州など）... ✅ 10問 / 規定10問
   - 日本... ✅ 5問 / 規定5問
   - 概論・酒類・チーズ・テイスティング...  [エラー発生。再試行します(残り2回)] ✅ 7問 / 規定7問
✅ advanced_17 — 50問を保存完了

🔄 advanced_18 — 生成開始 (上級（J.S.A.ソムリエ・エクセレンス一次試験レベル）) 分野別生成...
   - フランス... ✅ 15問 / 規定15問
   - イタリア... ✅ 5問 / 規定5問
   - その他の旧世界（スペイン・ドイツ等）... ✅ 8問 / 規定8問
   - 新世界（アメリカ・チリ・豪州など）... ✅ 10問 / 規定10問
   - 日本... ✅ 5問 / 規定5問
   - 概論・酒類・チーズ・テイスティング...  [エラー発生。再試行します(残り2回)] ✅ 7問 / 規定7問
✅ advanced_18 — 50問を保存完了

🔄 advanced_19 — 生成開始 (上級（J.S.A.ソムリエ・エクセレンス一次試験レベル）) 分野別生成...
   - フランス... ✅ 15問 / 規定15問
   - イタリア... ✅ 5問 / 規定5問
   - その他の旧世界（スペイン・ドイツ等）... ✅ 8問 / 規定8問
   - 新世界（アメリカ・チリ・豪州など）... ✅ 10問 / 規定10問
   - 日本... ✅ 5問 / 規定5問
   - 概論・酒類・チーズ・テイスティング... ✅ 7問 / 規定7問
✅ advanced_19 — 50問を保存完了

🔄 advanced_20 — 生成開始 (上級（J.S.A.ソムリエ・エクセレンス一次試験レベル）) 分野別生成...
   - フランス... ✅ 15問 / 規定15問
   - イタリア... ✅ 5問 / 規定5問
   - その他の旧世界（スペイン・ドイツ等）... ✅ 8問 / 規定8問
   - 新世界（アメリカ・チリ・豪州など）... ✅ 10問 / 規定10問
   - 日本... ✅ 5問 / 規定5問
   - 概論・酒類・チーズ・テイスティング... ✅ 7問 / 規定7問
✅ advanced_20 — 50問を保存完了

🔄 advanced_21 — 生成開始 (上級（J.S.A.ソムリエ・エクセレンス一次試験レベル）) 分野別生成...
   - フランス... ✅ 15問 / 規定15問
   - イタリア... ✅ 5問 / 規定5問
   - その他の旧世界（スペイン・ドイツ等）... ✅ 8問 / 規定8問
   - 新世界（アメリカ・チリ・豪州など）... ✅ 10問 / 規定10問
   - 日本... ✅ 5問 / 規定5問
   - 概論・酒類・チーズ・テイスティング...  [エラー発生。再試行します(残り2回)]  [エラー発生。再試行します(残り1回)] ✅ 7問 / 規定7問
✅ advanced_21 — 50問を保存完了

🔄 advanced_22 — 生成開始 (上級（J.S.A.ソムリエ・エクセレンス一次試験レベル）) 分野別生成...
   - フランス... ✅ 15問 / 規定15問
   - イタリア...  [エラー発生。再試行します(残り2回)] ✅ 5問 / 規定5問
   - その他の旧世界（スペイン・ドイツ等）... ✅ 8問 / 規定8問
   - 新世界（アメリカ・チリ・豪州など）... ✅ 10問 / 規定10問
   - 日本... ✅ 5問 / 規定5問
   - 概論・酒類・チーズ・テイスティング... ✅ 7問 / 規定7問
✅ advanced_22 — 50問を保存完了

🔄 advanced_23 — 生成開始 (上級（J.S.A.ソムリエ・エクセレンス一次試験レベル）) 分野別生成...
   - フランス... ✅ 15問 / 規定15問
   - イタリア... ✅ 5問 / 規定5問
   - その他の旧世界（スペイン・ドイツ等）... ✅ 8問 / 規定8問
   - 新世界（アメリカ・チリ・豪州など）... ✅ 10問 / 規定10問
   - 日本...  [エラー発生。再試行します(残り2回)]  [エラー発生。再試行します(残り1回)] ✅ 5問 / 規定5問
   - 概論・酒類・チーズ・テイスティング... ✅ 7問 / 規定7問
✅ advanced_23 — 50問を保存完了

🔄 advanced_24 — 生成開始 (上級（J.S.A.ソムリエ・エクセレンス一次試験レベル）) 分野別生成...
   - フランス...  [エラー発生。再試行します(残り2回)] ✅ 15問 / 規定15問
   - イタリア... ✅ 5問 / 規定5問
   - その他の旧世界（スペイン・ドイツ等）... ✅ 8問 / 規定8問
   - 新世界（アメリカ・チリ・豪州など）... ✅ 10問 / 規定10問
   - 日本...  [エラー発生。再試行します(残り2回)] ✅ 5問 / 規定5問
   - 概論・酒類・チーズ・テイスティング... ✅ 7問 / 規定7問
✅ advanced_24 — 50問を保存完了

🔄 advanced_25 — 生成開始 (上級（J.S.A.ソムリエ・エクセレンス一次試験レベル）) 分野別生成...
   - フランス... ✅ 15問 / 規定15問
   - イタリア... ✅ 5問 / 規定5問
   - その他の旧世界（スペイン・ドイツ等）...  [エラー発生。再試行します(残り2回)]  [エラー発生。再試行します(残り1回)] ✅ 8問 / 規定8問
   - 新世界（アメリカ・チリ・豪州など）... ✅ 10問 / 規定10問
   - 日本...  [エラー発生。再試行します(残り2回)] ✅ 5問 / 規定5問
   - 概論・酒類・チーズ・テイスティング... ✅ 7問 / 規定7問
✅ advanced_25 — 50問を保存完了

🔄 advanced_26 — 生成開始 (上級（J.S.A.ソムリエ・エクセレンス一次試験レベル）) 分野別生成...
   - フランス... ✅ 15問 / 規定15問
   - イタリア... ✅ 5問 / 規定5問
   - その他の旧世界（スペイン・ドイツ等）... ✅ 8問 / 規定8問
   - 新世界（アメリカ・チリ・豪州など）... ✅ 10問 / 規定10問
   - 日本... ✅ 5問 / 規定5問
   - 概論・酒類・チーズ・テイスティング... ✅ 7問 / 規定7問
✅ advanced_26 — 50問を保存完了

🔄 advanced_27 — 生成開始 (上級（J.S.A.ソムリエ・エクセレンス一次試験レベル）) 分野別生成...
   - フランス...  [エラー発生。再試行します(残り2回)] ✅ 15問 / 規定15問
   - イタリア... ✅ 5問 / 規定5問
   - その他の旧世界（スペイン・ドイツ等）... ✅ 8問 / 規定8問
   - 新世界（アメリカ・チリ・豪州など）...  [エラー発生。再試行します(残り2回)] ✅ 10問 / 規定10問
   - 日本...  [エラー発生。再試行します(残り2回)]  [エラー発生。再試行します(残り1回)]  [エラー発生。再試行します(残り0回)] ✅ 0問 / 規定5問
   - 概論・酒類・チーズ・テイスティング... ✅ 7問 / 規定7問
✅ advanced_27 — 45問を保存完了

🔄 advanced_28 — 生成開始 (上級（J.S.A.ソムリエ・エクセレンス一次試験レベル）) 分野別生成...
   - フランス... ✅ 15問 / 規定15問
   - イタリア... ✅ 5問 / 規定5問
   - その他の旧世界（スペイン・ドイツ等）...  [エラー発生。再試行します(残り2回)] ✅ 8問 / 規定8問
   - 新世界（アメリカ・チリ・豪州など）...  [エラー発生。再試行します(残り2回)]  [エラー発生。再試行します(残り1回)]  [エラー発生。再試行します(残り0回)] ✅ 0問 / 規定10問
   - 日本...  [エラー発生。再試行します(残り2回)] ✅ 5問 / 規定5問
   - 概論・酒類・チーズ・テイスティング... ✅ 7問 / 規定7問
✅ advanced_28 — 40問を保存完了

🔄 advanced_29 — 生成開始 (上級（J.S.A.ソムリエ・エクセレンス一次試験レベル）) 分野別生成...
   - フランス... ✅ 15問 / 規定15問
   - イタリア... ✅ 5問 / 規定5問
   - その他の旧世界（スペイン・ドイツ等）... ✅ 8問 / 規定8問
   - 新世界（アメリカ・チリ・豪州など）...  [エラー発生。再試行します(残り2回)]  [エラー発生。再試行します(残り1回)]  [エラー発生。再試行します(残り0回)] ✅ 0問 / 規定10問
   - 日本... ✅ 5問 / 規定5問
   - 概論・酒類・チーズ・テイスティング... ✅ 7問 / 規定7問
✅ advanced_29 — 40問を保存完了

🔄 advanced_30 — 生成開始 (上級（J.S.A.ソムリエ・エクセレンス一次試験レベル）) 分野別生成...
   - フランス... ✅ 15問 / 規定15問
   - イタリア... ✅ 5問 / 規定5問
   - その他の旧世界（スペイン・ドイツ等）... ✅ 8問 / 規定8問
   - 新世界（アメリカ・チリ・豪州など）... ✅ 10問 / 規定10問
   - 日本...  [エラー発生。再試行します(残り2回)]  [エラー発生。再試行します(残り1回)] ✅ 5問 / 規定5問
   - 概論・酒類・チーズ・テイスティング... ✅ 7問 / 規定7問
✅ advanced_30 — 50問を保存完了

🔄 supreme_01 — 生成開始 (最上級（全日本最優秀ソムリエコンクール予選レベル）) 分野別生成...
   - フランス... ✅ 15問 / 規定15問
   - イタリア... ✅ 5問 / 規定5問
   - その他の旧世界（スペイン・ドイツ等）...  [エラー発生。再試行します(残り2回)] ✅ 8問 / 規定8問
   - 新世界（アメリカ・チリ・豪州など）... ✅ 10問 / 規定10問
   - 日本... ✅ 5問 / 規定5問
   - 概論・酒類・チーズ・テイスティング...  [エラー発生。再試行します(残り2回)]  [エラー発生。再試行します(残り1回)]  [エラー発生。再試行します(残り0回)] ✅ 7問 / 規定7問
✅ supreme_01 — 50問を保存完了

🔄 supreme_02 — 生成開始 (最上級（全日本最優秀ソムリエコンクール予選レベル）) 分野別生成...
   - フランス...  [エラー発生。再試行します(残り2回)]  [エラー発生。再試行します(残り1回)]  [エラー発生。再試行します(残り0回)] ✅ 15問 / 規定15問
   - イタリア... ✅ 5問 / 規定5問
   - その他の旧世界（スペイン・ドイツ等）... ✅ 8問 / 規定8問
   - 新世界（アメリカ・チリ・豪州など）... ✅ 10問 / 規定10問
   - 日本... ✅ 5問 / 規定5問
   - 概論・酒類・チーズ・テイスティング... ✅ 7問 / 規定7問
✅ supreme_02 — 50問を保存完了

🔄 supreme_03 — 生成開始 (最上級（全日本最優秀ソムリエコンクール予選レベル）) 分野別生成...
   - フランス... ✅ 15問 / 規定15問
   - イタリア... ✅ 5問 / 規定5問
   - その他の旧世界（スペイン・ドイツ等）... ✅ 8問 / 規定8問
   - 新世界（アメリカ・チリ・豪州など）...  [エラー発生。再試行します(残り2回)]  [エラー発生。再試行します(残り1回)]  [エラー発生。再試行します(残り0回)] ✅ 10問 / 規定10問
   - 日本... ✅ 5問 / 規定5問
   - 概論・酒類・チーズ・テイスティング... ✅ 7問 / 規定7問
✅ supreme_03 — 50問を保存完了

🔄 supreme_04 — 生成開始 (最上級（全日本最優秀ソムリエコンクール予選レベル）) 分野別生成...
   - フランス... ✅ 15問 / 規定15問
   - イタリア... ✅ 5問 / 規定5問
   - その他の旧世界（スペイン・ドイツ等）... ✅ 8問 / 規定8問
   - 新世界（アメリカ・チリ・豪州など）... ✅ 10問 / 規定10問
   - 日本... ✅ 5問 / 規定5問
   - 概論・酒類・チーズ・テイスティング... ✅ 7問 / 規定7問
✅ supreme_04 — 50問を保存完了

🔄 supreme_05 — 生成開始 (最上級（全日本最優秀ソムリエコンクール予選レベル）) 分野別生成...
   - フランス... ✅ 15問 / 規定15問
   - イタリア... ✅ 5問 / 規定5問
   - その他の旧世界（スペイン・ドイツ等）... ✅ 8問 / 規定8問
   - 新世界（アメリカ・チリ・豪州など）... ✅ 10問 / 規定10問
   - 日本... ✅ 5問 / 規定5問
   - 概論・酒類・チーズ・テイスティング... ✅ 7問 / 規定7問
✅ supreme_05 — 50問を保存完了

🔄 supreme_06 — 生成開始 (最上級（全日本最優秀ソムリエコンクール予選レベル）) 分野別生成...
   - フランス... ✅ 14問 / 規定15問
   - イタリア... ✅ 5問 / 規定5問
   - その他の旧世界（スペイン・ドイツ等）...  [エラー発生。再試行します(残り2回)] ✅ 8問 / 規定8問
   - 新世界（アメリカ・チリ・豪州など）... ✅ 10問 / 規定10問
   - 日本... ✅ 5問 / 規定5問
   - 概論・酒類・チーズ・テイスティング... ✅ 7問 / 規定7問
✅ supreme_06 — 49問を保存完了

🔄 supreme_07 — 生成開始 (最上級（全日本最優秀ソムリエコンクール予選レベル）) 分野別生成...
   - フランス... ✅ 15問 / 規定15問
   - イタリア... ✅ 5問 / 規定5問
   - その他の旧世界（スペイン・ドイツ等）...  [エラー発生。再試行します(残り2回)] ✅ 8問 / 規定8問
   - 新世界（アメリカ・チリ・豪州など）... ✅ 10問 / 規定10問
   - 日本... ✅ 5問 / 規定5問
   - 概論・酒類・チーズ・テイスティング... ✅ 7問 / 規定7問
✅ supreme_07 — 50問を保存完了

🔄 supreme_08 — 生成開始 (最上級（全日本最優秀ソムリエコンクール予選レベル）) 分野別生成...
   - フランス... ✅ 15問 / 規定15問
   - イタリア... ✅ 5問 / 規定5問
   - その他の旧世界（スペイン・ドイツ等）... ✅ 8問 / 規定8問
   - 新世界（アメリカ・チリ・豪州など）...  [エラー発生。再試行します(残り2回)]  [エラー発生。再試行します(残り1回)]  [エラー発生。再試行します(残り0回)] ✅ 0問 / 規定10問
   - 日本...  [エラー発生。再試行します(残り2回)]  [エラー発生。再試行します(残り1回)]  [エラー発生。再試行します(残り0回)] ✅ 0問 / 規定5問
   - 概論・酒類・チーズ・テイスティング...  [エラー発生。再試行します(残り2回)]  [エラー発生。再試行します(残り1回)]  [エラー発生。再試行します(残り0回)] ✅ 0問 / 規定7問
❌ supreme_08 — 問題数が少なすぎます(28)。スキップ。
🔄 supreme_09 — 生成開始 (最上級（全日本最優秀ソムリエコンクール予選レベル）) 分野別生成...
   - フランス... ✅ 15問 / 規定15問
   - イタリア... ✅ 5問 / 規定5問
   - その他の旧世界（スペイン・ドイツ等）...  [エラー発生。再試行します(残り2回)]  [エラー発生。再試行します(残り1回)] ✅ 8問 / 規定8問
   - 新世界（アメリカ・チリ・豪州など）... ✅ 10問 / 規定10問
   - 日本... ✅ 5問 / 規定5問
   - 概論・酒類・チーズ・テイスティング...  [エラー発生。再試行します(残り2回)]  [エラー発生。再試行します(残り1回)]  [エラー発生。再試行します(残り0回)] ✅ 0問 / 規定7問
✅ supreme_09 — 43問を保存完了

🔄 supreme_10 — 生成開始 (最上級（全日本最優秀ソムリエコンクール予選レベル）) 分野別生成...
   - フランス... ✅ 15問 / 規定15問
   - イタリア...  [エラー発生。再試行します(残り2回)] ✅ 5問 / 規定5問
   - その他の旧世界（スペイン・ドイツ等）... ✅ 8問 / 規定8問
   - 新世界（アメリカ・チリ・豪州など）... ✅ 10問 / 規定10問
   - 日本...  [エラー発生。再試行します(残り2回)]  [エラー発生。再試行します(残り1回)] ✅ 5問 / 規定5問
   - 概論・酒類・チーズ・テイスティング... ✅ 7問 / 規定7問
✅ supreme_10 — 50問を保存完了

